sidplayfp\c64\CPU\mos6510.cpp(866): Warning! W389: col(22) integral value may be truncated during assignment or initialization
sidplayfp\c64\CPU\mos6510.cpp(872): Warning! W389: col(36) integral value may be truncated during assignment or initialization
sidplayfp\c64\CPU\mos6510.cpp(878): Warning! W389: col(51) integral value may be truncated during assignment or initialization
sidplayfp\c64\CPU\mos6510.cpp(892): Warning! W389: col(17) integral value may be truncated during assignment or initialization
sidplayfp\c64\CPU\mos6510.cpp(905): Warning! W389: col(36) integral value may be truncated during assignment or initialization
sidplayfp\c64\CPU\mos6510.cpp(909): Warning! W389: col(39) integral value may be truncated during assignment or initialization
sidplayfp\c64\CPU\mos6510.cpp(1065): Warning! W389: col(17) integral value may be truncated during assignment or initialization
sidplayfp\c64\CPU\mos6510.cpp(1073): Warning! W389: col(17) integral value may be truncated during assignment or initialization
sidplayfp\c64\CPU\mos6510.cpp(1081): Warning! W389: col(17) integral value may be truncated during assignment or initialization
sidplayfp\c64\CPU\mos6510.cpp(1186): Warning! W389: col(15) integral value may be truncated during assignment or initialization
sidplayfp\c64\CPU\mos6510.cpp(1196): Warning! W389: col(15) integral value may be truncated during assignment or initialization
sidplayfp\c64\CPU\mos6510.cpp(1208): Warning! W389: col(15) integral value may be truncated during assignment or initialization
sidplayfp\c64\CPU\mos6510.cpp(1218): Warning! W389: col(15) integral value may be truncated during assignment or initialization
sidplayfp\c64\CPU\mos6510.cpp(1225): Warning! W389: col(34) integral value may be truncated during assignment or initialization
sidplayfp\c64\CPU\mos6510.cpp(1378): Warning! W389: col(17) integral value may be truncated during assignment or initialization
sidplayfp\c64\CPU\mos6510.cpp(1449): Warning! W389: col(15) integral value may be truncated during assignment or initialization
sidplayfp\c64\CPU\mos6510.cpp(1463): Warning! W389: col(15) integral value may be truncated during assignment or initialization
sidplayfp\c64\CPU\mos6510.cpp(2201): Warning! W726: col(1) no reference to formal parameter 'enable'
sidplayfp\c64\CPU\mos6510.cpp(2192): Note! N392: col(26) definition: 'bool enable' in 'void MOS6510::debug( bool, __iobuf * )'
sidplayfp\c64\CPU\mos6510.cpp(2201): Warning! W726: col(1) no reference to formal parameter 'out'
sidplayfp\c64\CPU\mos6510.cpp(2192): Note! N392: col(40) definition: '__iobuf * out' in 'void MOS6510::debug( bool, __iobuf * )'
